<?xml version="1.0" encoding="UTF-8"?>
<!-- Generated by org.testng.reporters.JUnitXMLReporter -->
<testsuite hostname="Vinay-PC" name="Default test" tests="3" failures="0" timestamp="3 Dec 2017 15:25:06 GMT" time="0.145" errors="0">
  <testcase name="closeapp" time="0.044" classname="Day5_session2.TestNG_learning"/>
  <testcase name="login" time="0.004" classname="Day5_session2.TestNG_learning"/>
  <testcase name="sendmail" time="0.003" classname="Day5_session2.TestNG_learning"/>
</testsuite> <!-- Default test -->
